<?xml version="1.0" encoding="UTF-8"?>
<robot generator="Robot 7.3.1 (Python 3.13.3 on win32)" generated="2025-07-30T20:06:22.243133" rpa="false" schemaversion="5">
<suite id="s1" name="Buscarreserva" source="C:\robotapi\buscarreserva.robot">
<test id="s1-t1" name="Cenário 1: Consultar as reservas cadastradas por ID" line="6">
<kw name="GET" owner="RequestsLibrary">
<msg time="2025-07-30T20:06:23.281802" level="INFO">GET Request : url=https://restful-booker.herokuapp.com/booking/243 
 path_url=/booking/243 
 headers={'User-Agent': 'python-requests/2.32.4', 'Accept-Encoding': 'gzip, deflate', 'Accept': '*/*', 'Connection': 'keep-alive'} 
 body=None 
 </msg>
<msg time="2025-07-30T20:06:23.281925" level="INFO">GET Response : url=https://restful-booker.herokuapp.com/booking/243 
 status=200, reason=OK 
 headers={'Content-Length': '171', 'Content-Type': 'application/json; charset=utf-8', 'Date': 'Wed, 30 Jul 2025 19:06:23 GMT', 'Etag': 'W/"ab-MG4aCOdqq15ogV4Uqb+rfjZOkQk"', 'Nel': '{"report_to":"heroku-nel","response_headers":["Via"],"max_age":3600,"success_fraction":0.01,"failure_fraction":0.1}', 'Report-To': '{"group":"heroku-nel","endpoints":[{"url":"https://nel.heroku.com/reports?s=3ve7BgAZc0mU2Wt7PxtLg26xiXkscqTRimXtrwD%2FO6U%3D\\u0026sid=c46efe9b-d3d2-4a0c-8c76-bfafa16c5add\\u0026ts=1753902383"}],"max_age":3600}', 'Reporting-Endpoints': 'heroku-nel="https://nel.heroku.com/reports?s=3ve7BgAZc0mU2Wt7PxtLg26xiXkscqTRimXtrwD%2FO6U%3D&amp;sid=c46efe9b-d3d2-4a0c-8c76-bfafa16c5add&amp;ts=1753902383"', 'Server': 'Heroku', 'Via': '1.1 heroku-router', 'X-Powered-By': 'Express'} 
 body={"firstname":"Josh","lastname":"Allen","totalprice":111,"depositpaid":true,"bookingdates":{"checkin":"2018-01-01","checkout":"2019-01-01"},"additionalneeds":"super bowls"} 
 </msg>
<msg time="2025-07-30T20:06:23.282039" level="INFO">${response} = &lt;Response [200]&gt;</msg>
<var>${response}</var>
<arg>https://restful-booker.herokuapp.com/booking/243</arg>
<doc>Sends a GET request.</doc>
<status status="PASS" start="2025-07-30T20:06:22.779315" elapsed="0.502745"/>
</kw>
<kw name="Get From Dictionary" owner="Collections">
<msg time="2025-07-30T20:06:23.282863" level="INFO">${firstnamevalue} = Josh</msg>
<var>${firstnamevalue}</var>
<arg>${response.json()}</arg>
<arg>firstname</arg>
<doc>Returns a value from the given ``dictionary`` based on the given ``key``.</doc>
<status status="PASS" start="2025-07-30T20:06:23.282443" elapsed="0.000440"/>
</kw>
<kw name="Should Be Equal As Strings" owner="BuiltIn">
<msg time="2025-07-30T20:06:23.283389" level="FAIL">Josh != Joao</msg>
<arg>${firstnamevalue}</arg>
<arg>Joao</arg>
<doc>Fails if objects are unequal after converting them to strings.</doc>
<status status="FAIL" start="2025-07-30T20:06:23.283177" elapsed="0.000323">Josh != Joao</status>
</kw>
<status status="FAIL" start="2025-07-30T20:06:22.778313" elapsed="0.505599">Josh != Joao</status>
</test>
<status status="FAIL" start="2025-07-30T20:06:22.244510" elapsed="1.040589"/>
</suite>
<statistics>
<total>
<stat pass="0" fail="1" skip="0">All Tests</stat>
</total>
<tag>
</tag>
<suite>
<stat name="Buscarreserva" id="s1" pass="0" fail="1" skip="0">Buscarreserva</stat>
</suite>
</statistics>
<errors>
</errors>
</robot>
