<?xml version="1.0" encoding="UTF-8"?>
<robot generator="Robot 7.3.1 (Python 3.13.3 on win32)" generated="2025-07-30T21:11:56.204261" rpa="false" schemaversion="5">
<suite id="s1" name="buscareservaKeyword" source="C:\robotapi\robot_tests\buscareservaKeyword.robot">
<test id="s1-t1" name="Cenário 1: Consultar as reservas cadastradas firstname" line="13">
<kw name="Buscar reserva por arguments">
<kw name="GET" owner="RequestsLibrary">
<msg time="2025-07-30T21:11:57.239905" level="INFO">GET Request : url=https://restful-booker.herokuapp.com/booking/222 
 path_url=/booking/222 
 headers={'User-Agent': 'python-requests/2.32.4', 'Accept-Encoding': 'gzip, deflate', 'Accept': '*/*', 'Connection': 'keep-alive'} 
 body=None 
 </msg>
<msg time="2025-07-30T21:11:57.240034" level="INFO">GET Response : url=https://restful-booker.herokuapp.com/booking/222 
 status=200, reason=OK 
 headers={'Content-Length': '169', 'Content-Type': 'application/json; charset=utf-8', 'Date': 'Wed, 30 Jul 2025 20:11:57 GMT', 'Etag': 'W/"a9-pLno4M4jARCCH8k0BsLT0ALMqUE"', 'Nel': '{"report_to":"heroku-nel","response_headers":["Via"],"max_age":3600,"success_fraction":0.01,"failure_fraction":0.1}', 'Report-To': '{"group":"heroku-nel","endpoints":[{"url":"https://nel.heroku.com/reports?s=P0I1JadnNbB%2Ff8Lty8%2Fk2ezvO9iVnFc21ZLtOz7gxns%3D\\u0026sid=c46efe9b-d3d2-4a0c-8c76-bfafa16c5add\\u0026ts=1753906317"}],"max_age":3600}', 'Reporting-Endpoints': 'heroku-nel="https://nel.heroku.com/reports?s=P0I1JadnNbB%2Ff8Lty8%2Fk2ezvO9iVnFc21ZLtOz7gxns%3D&amp;sid=c46efe9b-d3d2-4a0c-8c76-bfafa16c5add&amp;ts=1753906317"', 'Server': 'Heroku', 'Via': '1.1 heroku-router', 'X-Powered-By': 'Express'} 
 body={"firstname":"John","lastname":"Smith","totalprice":111,"depositpaid":true,"bookingdates":{"checkin":"2018-01-01","checkout":"2019-01-01"},"additionalneeds":"Breakfast"} 
 </msg>
<msg time="2025-07-30T21:11:57.240166" level="INFO">${response} = &lt;Response [200]&gt;</msg>
<var>${response}</var>
<arg>https://restful-booker.herokuapp.com/booking/${booking_number}</arg>
<doc>Sends a GET request.</doc>
<status status="PASS" start="2025-07-30T21:11:56.772591" elapsed="0.467599"/>
</kw>
<return>
<value>${response}</value>
<status status="PASS" start="2025-07-30T21:11:57.240264" elapsed="0.000047"/>
</return>
<msg time="2025-07-30T21:11:57.240448" level="INFO">${response} = &lt;Response [200]&gt;</msg>
<var>${response}</var>
<arg>222</arg>
<status status="PASS" start="2025-07-30T21:11:56.772057" elapsed="0.468410"/>
</kw>
<kw name="Get From Dictionary" owner="Collections">
<msg time="2025-07-30T21:11:57.241267" level="INFO">${firstnamevalue} = John</msg>
<var>${firstnamevalue}</var>
<arg>${response.json()}</arg>
<arg>firstname</arg>
<doc>Returns a value from the given ``dictionary`` based on the given ``key``.</doc>
<status status="PASS" start="2025-07-30T21:11:57.240791" elapsed="0.000499"/>
</kw>
<kw name="Should Be Equal As Strings" owner="BuiltIn">
<arg>${firstnamevalue}</arg>
<arg>John</arg>
<doc>Fails if objects are unequal after converting them to strings.</doc>
<status status="PASS" start="2025-07-30T21:11:57.241444" elapsed="0.000130"/>
</kw>
<status status="PASS" start="2025-07-30T21:11:56.771065" elapsed="0.470638"/>
</test>
<test id="s1-t2" name="Cenário 2: Consultar as reservas cadastradas lastname" line="19">
<kw name="Buscar reserva por arguments">
<kw name="GET" owner="RequestsLibrary">
<msg time="2025-07-30T21:11:57.701322" level="INFO">GET Request : url=https://restful-booker.herokuapp.com/booking/222 
 path_url=/booking/222 
 headers={'User-Agent': 'python-requests/2.32.4', 'Accept-Encoding': 'gzip, deflate', 'Accept': '*/*', 'Connection': 'keep-alive'} 
 body=None 
 </msg>
<msg time="2025-07-30T21:11:57.701397" level="INFO">GET Response : url=https://restful-booker.herokuapp.com/booking/222 
 status=200, reason=OK 
 headers={'Content-Length': '169', 'Content-Type': 'application/json; charset=utf-8', 'Date': 'Wed, 30 Jul 2025 20:11:57 GMT', 'Etag': 'W/"a9-pLno4M4jARCCH8k0BsLT0ALMqUE"', 'Nel': '{"report_to":"heroku-nel","response_headers":["Via"],"max_age":3600,"success_fraction":0.01,"failure_fraction":0.1}', 'Report-To': '{"group":"heroku-nel","endpoints":[{"url":"https://nel.heroku.com/reports?s=P0I1JadnNbB%2Ff8Lty8%2Fk2ezvO9iVnFc21ZLtOz7gxns%3D\\u0026sid=c46efe9b-d3d2-4a0c-8c76-bfafa16c5add\\u0026ts=1753906317"}],"max_age":3600}', 'Reporting-Endpoints': 'heroku-nel="https://nel.heroku.com/reports?s=P0I1JadnNbB%2Ff8Lty8%2Fk2ezvO9iVnFc21ZLtOz7gxns%3D&amp;sid=c46efe9b-d3d2-4a0c-8c76-bfafa16c5add&amp;ts=1753906317"', 'Server': 'Heroku', 'Via': '1.1 heroku-router', 'X-Powered-By': 'Express'} 
 body={"firstname":"John","lastname":"Smith","totalprice":111,"depositpaid":true,"bookingdates":{"checkin":"2018-01-01","checkout":"2019-01-01"},"additionalneeds":"Breakfast"} 
 </msg>
<msg time="2025-07-30T21:11:57.701501" level="INFO">${response} = &lt;Response [200]&gt;</msg>
<var>${response}</var>
<arg>https://restful-booker.herokuapp.com/booking/${booking_number}</arg>
<doc>Sends a GET request.</doc>
<status status="PASS" start="2025-07-30T21:11:57.242659" elapsed="0.458861"/>
</kw>
<return>
<value>${response}</value>
<status status="PASS" start="2025-07-30T21:11:57.701579" elapsed="0.000042"/>
</return>
<msg time="2025-07-30T21:11:57.701734" level="INFO">${response} = &lt;Response [200]&gt;</msg>
<var>${response}</var>
<arg>222</arg>
<status status="PASS" start="2025-07-30T21:11:57.242479" elapsed="0.459275"/>
</kw>
<kw name="Get From Dictionary" owner="Collections">
<msg time="2025-07-30T21:11:57.702665" level="INFO">${lastnamevalue} = Smith</msg>
<var>${lastnamevalue}</var>
<arg>${response.json()}</arg>
<arg>lastname</arg>
<doc>Returns a value from the given ``dictionary`` based on the given ``key``.</doc>
<status status="PASS" start="2025-07-30T21:11:57.702122" elapsed="0.000568"/>
</kw>
<kw name="Should Be Equal As Strings" owner="BuiltIn">
<arg>${lastnamevalue}</arg>
<arg>Smith</arg>
<doc>Fails if objects are unequal after converting them to strings.</doc>
<status status="PASS" start="2025-07-30T21:11:57.703003" elapsed="0.000135"/>
</kw>
<status status="PASS" start="2025-07-30T21:11:57.242150" elapsed="0.461285"/>
</test>
<status status="PASS" start="2025-07-30T21:11:56.205577" elapsed="1.499101"/>
</suite>
<statistics>
<total>
<stat pass="2" fail="0" skip="0">All Tests</stat>
</total>
<tag>
</tag>
<suite>
<stat name="buscareservaKeyword" id="s1" pass="2" fail="0" skip="0">buscareservaKeyword</stat>
</suite>
</statistics>
<errors>
<msg time="2025-07-30T21:11:56.199490" level="WARN">Error in file 'C:\robotapi\robot_tests\buscareservaKeyword.robot' on line 10: The '[Return]' setting is deprecated. Use the 'RETURN' statement instead.</msg>
</errors>
</robot>
